<?xml version="1.0" encoding="UTF-8"?>
<testng-results ignored="0" total="1" passed="1" failed="0" skipped="0">
  <reporter-output>
  </reporter-output>
  <suite started-at="2024-12-23T12:22:40 IST" name="Default suite" finished-at="2024-12-23T12:22:49 IST" duration-ms="8479">
    <groups>
    </groups>
    <test started-at="2024-12-23T12:22:40 IST" name="Default test" finished-at="2024-12-23T12:22:49 IST" duration-ms="8479">
      <class name="jQuiry.jQuiryTask">
        <test-method signature="droplist()[pri:0, instance:jQuiry.jQuiryTask@235834f2]" started-at="2024-12-23T12:22:40 IST" name="droplist" finished-at="2024-12-23T12:22:49 IST" duration-ms="8426" status="PASS">
          <reporter-output>
          </reporter-output>
        </test-method> <!-- droplist -->
      </class> <!-- jQuiry.jQuiryTask -->
    </test> <!-- Default test -->
  </suite> <!-- Default suite -->
</testng-results>
